{
  "$schema": "http://json.schemastore.org/sarif-1.0.0",
  "version": "1.0.0",
  "runs": [
    {
      "tool": {
        "name": "Kompilator Microsoft (R) Visual C#",
        "version": "5.6.0.0",
        "fileVersion": "5.6.0-2.26230.102 (caa81fa4971f74880cdab61990cb1b11420939ec)",
        "semanticVersion": "5.6.0",
        "language": "pl-PL"
      },
      "results": [
        {
          "ruleId": "CS8603",
          "level": "warning",
          "message": "Możliwe zwrócenie odwołania o wartości null.",
          "locations": [
            {
              "resultFile": {
                "uri": "file:///c:/Users/Aleksandra/songspiration-/backend/SongSpiration.DAL/Repositories/GenreRepository.cs",
                "region": {
                  "startLine": 26,
                  "startColumn": 20,
                  "endLine": 26,
                  "endColumn": 69
                }
              }
            }
          ],
          "properties": {
            "warningLevel": 1
          }
        }
      ],
      "rules": {
        "CS8603": {
          "id": "CS8603",
          "shortDescription": "Możliwe zwrócenie odwołania o wartości null.",
          "defaultLevel": "warning",
          "helpUri": "https://msdn.microsoft.com/query/roslyn.query?appId=roslyn&k=k(CS8603)",
          "properties": {
            "category": "Compiler",
            "isEnabledByDefault": true,
            "tags": [
              "Compiler",
              "Telemetry"
            ]
          }
        }
      }
    }
  ]
}